<?xml version="1.0" encoding="UTF-8"?>
<!-- Generated by org.testng.reporters.JUnitReportReporter -->
<testsuite hostname="DESKTOP-M4S1EFG" failures="0" tests="2" name="TestNG_Package.ATBT.Day6" time="0.005" errors="0" timestamp="2025-05-21T18:14:52 PDT" skipped="0">
  <testcase classname="TestNG_Package.ATBT.Day6" name="xyz" time="0.004"/>
  <testcase classname="TestNG_Package.ATBT.Day6" name="xyz" time="0.001"/>
</testsuite> <!-- TestNG_Package.ATBT.Day6 -->
