<?xml version="1.0" encoding="UTF-8"?>
<!-- Generated by org.testng.reporters.JUnitReportReporter -->
<testsuite hostname="DESKTOP-M4S1EFG" failures="0" tests="2" name="TestNG_Package.Day1" time="0.006" errors="0" timestamp="2025-05-21T14:28:49 PDT" skipped="0">
  <testcase classname="TestNG_Package.Day1" name="bike1" time="0.005"/>
  <testcase classname="TestNG_Package.Day1" name="bike2" time="0.001"/>
</testsuite> <!-- TestNG_Package.Day1 -->
