<?xml version="1.0" encoding="UTF-8"?>
<!-- Generated by org.testng.reporters.JUnitReportReporter -->
<testsuite hostname="DESKTOP-M4S1EFG" failures="0" tests="3" name="TestNG_Package.ATBT.Day8" time="0.004" errors="0" timestamp="2025-05-21T18:14:52 PDT" skipped="0">
  <testcase classname="TestNG_Package.ATBT.Day8" name="pqr" time="0.001"/>
  <testcase classname="TestNG_Package.ATBT.Day8" name="pqr" time="0.001"/>
  <testcase classname="TestNG_Package.ATBT.Day8" name="pqr" time="0.002"/>
</testsuite> <!-- TestNG_Package.ATBT.Day8 -->
