<?xml version="1.0" encoding="UTF-8"?>
<!-- Generated by org.testng.reporters.JUnitReportReporter -->
<testsuite hostname="DESKTOP-M4S1EFG" failures="0" tests="3" name="TestNG_Package.AllAnnotation" time="0.014" errors="0" timestamp="2025-05-21T16:16:48 PDT" skipped="0">
  <testcase classname="TestNG_Package.AllAnnotation" name="MT1" time="0.007"/>
  <testcase classname="TestNG_Package.AllAnnotation" name="MT3" time="0.003"/>
  <testcase classname="TestNG_Package.AllAnnotation" name="MT2" time="0.004"/>
</testsuite> <!-- TestNG_Package.AllAnnotation -->
