<?xml version="1.0" encoding="UTF-8"?>
<!-- Generated by org.testng.reporters.JUnitReportReporter -->
<testsuite hostname="DESKTOP-M4S1EFG" failures="0" tests="3" name="TestNG_Package.ATBT.SignUpTests" time="0.005" errors="0" timestamp="2025-05-22T17:41:12 PDT" skipped="0">
  <testcase classname="TestNG_Package.ATBT.SignUpTests" name="signupByEmail" time="0.002"/>
  <testcase classname="TestNG_Package.ATBT.SignUpTests" name="signupByFacebook" time="0.002"/>
  <testcase classname="TestNG_Package.ATBT.SignUpTests" name="signupBytwitter" time="0.001"/>
</testsuite> <!-- TestNG_Package.ATBT.SignUpTests -->
