<?xml version="1.0" encoding="UTF-8"?>
<!-- Generated by org.testng.reporters.JUnitReportReporter -->
<testsuite hostname="DESKTOP-M4S1EFG" failures="0" tests="2" name="TestNG_Package.Day5" time="0.011" errors="0" timestamp="2025-05-21T16:02:08 PDT" skipped="0">
  <testcase classname="TestNG_Package.Day5" name="login" time="0.009"/>
  <testcase classname="TestNG_Package.Day5" name="logout" time="0.002"/>
</testsuite> <!-- TestNG_Package.Day5 -->
