<?xml version="1.0" encoding="UTF-8"?>
<!-- Generated by org.testng.reporters.JUnitReportReporter -->
<testsuite hostname="DESKTOP-M4S1EFG" failures="0" tests="3" name="TestNG_Package.ATBT.LoginTests" time="0.012" errors="0" timestamp="2025-05-22T18:18:35 PDT" skipped="0">
  <testcase classname="TestNG_Package.ATBT.LoginTests" name="loginByEmail" time="0.009"/>
  <testcase classname="TestNG_Package.ATBT.LoginTests" name="loginByFacebook" time="0.002"/>
  <testcase classname="TestNG_Package.ATBT.LoginTests" name="loginBytwitter" time="0.001"/>
</testsuite> <!-- TestNG_Package.ATBT.LoginTests -->
