<?xml version="1.0" encoding="UTF-8"?>
<!-- Generated by org.testng.reporters.JUnitReportReporter -->
<testsuite hostname="DESKTOP-M4S1EFG" failures="0" tests="3" name="TestNG_Package.Dya4" time="0.014" errors="0" timestamp="2025-05-21T15:59:58 PDT" skipped="0">
  <testcase classname="TestNG_Package.Dya4" name="openApp" time="0.010"/>
  <testcase classname="TestNG_Package.Dya4" name="login" time="0.002"/>
  <testcase classname="TestNG_Package.Dya4" name="logout" time="0.002"/>
</testsuite> <!-- TestNG_Package.Dya4 -->
