<?xml version="1.0" encoding="UTF-8"?>
<!-- Generated by org.testng.reporters.JUnitReportReporter -->
<testsuite hostname="DESKTOP-M4S1EFG" failures="0" tests="2" name="TestNG_Package.ATBT.paymentTests" time="0.012" errors="0" timestamp="2025-05-22T18:37:50 PDT" skipped="0">
  <testcase classname="TestNG_Package.ATBT.paymentTests" name="paymentByRupees" time="0.011"/>
  <testcase classname="TestNG_Package.ATBT.paymentTests" name="paymentByDollars" time="0.001"/>
</testsuite> <!-- TestNG_Package.ATBT.paymentTests -->
